2025-07-14 06:48:23,135 [WARNING] (trapped) error reading bcrypt version
Traceback (most recent call last):
  File "/Users/mac/Desktop/NoteManager/.venv/lib/python3.13/site-packages/passlib/handlers/bcrypt.py", line 620, in _load_backend_mixin
    version = _bcrypt.__about__.__version__
              ^^^^^^^^^^^^^^^^^
AttributeError: module 'bcrypt' has no attribute '__about__'
2025-07-14 06:49:39,395 [WARNING] (trapped) error reading bcrypt version
Traceback (most recent call last):
  File "/Users/mac/Desktop/NoteManager/.venv/lib/python3.13/site-packages/passlib/handlers/bcrypt.py", line 620, in _load_backend_mixin
    version = _bcrypt.__about__.__version__
              ^^^^^^^^^^^^^^^^^
AttributeError: module 'bcrypt' has no attribute '__about__'
2025-07-14 06:49:39,425 [WARNING] (trapped) error reading bcrypt version
Traceback (most recent call last):
  File "/Users/mac/Desktop/NoteManager/.venv/lib/python3.13/site-packages/passlib/handlers/bcrypt.py", line 620, in _load_backend_mixin
    version = _bcrypt.__about__.__version__
              ^^^^^^^^^^^^^^^^^
AttributeError: module 'bcrypt' has no attribute '__about__'
2025-07-14 06:49:54,568 - INFO - admin with role admin performed get_all_notes
2025-07-14 06:49:54,568 [INFO] admin with role admin performed get_all_notes
